C:\Program Files\Microsoft Visual Studio\2022\Community\MSBuild\Microsoft\VC\v170\Microsoft.CppBuild.targets(517,5): warning MSB8028: 중간 디렉터리(D:\Project\Dx11_3D\Dx11_3D\Intermediate\Debug\)에 다른 프로젝트(Client.vcxproj, Engine.vcxproj)에서 공유하는 파일이 포함되어 있습니다.  이로 인해 잘못된 정리 및 다시 빌드 동작이 수행될 수 있습니다.
  Converter.cpp
D:\Project\Dx11_3D\Dx11_3D\Tools\AssimpTool\Converter.cpp(121,57): warning C4267: '인수': 'size_t'에서 'int32'(으)로 변환하면서 데이터가 손실될 수 있습니다.
D:\Project\Dx11_3D\Dx11_3D\Tools\AssimpTool\Converter.cpp(142,51): warning C4267: '초기화 중': 'size_t'에서 'uint32'(으)로 변환하면서 데이터가 손실될 수 있습니다.
D:\Project\Dx11_3D\Dx11_3D\Tools\AssimpTool\Converter.cpp(142,51): warning C4267: '초기화 중': 'size_t'에서 'const uint32'(으)로 변환하면서 데이터가 손실될 수 있습니다.
D:\Project\Dx11_3D\Dx11_3D\Tools\AssimpTool\Converter.cpp(225,35): warning C4267: '인수': 'size_t'에서 'const T'(으)로 변환하면서 데이터가 손실될 수 있습니다.
          with
          [
              T=uint32
          ]
D:\Project\Dx11_3D\Dx11_3D\Tools\AssimpTool\Converter.cpp(235,36): warning C4267: '인수': 'size_t'에서 'const T'(으)로 변환하면서 데이터가 손실될 수 있습니다.
          with
          [
              T=uint32
          ]
D:\Project\Dx11_3D\Dx11_3D\Tools\AssimpTool\Converter.cpp(243,48): warning C4267: '인수': 'size_t'에서 'const T'(으)로 변환하면서 데이터가 손실될 수 있습니다.
          with
          [
              T=uint32
          ]
D:\Project\Dx11_3D\Dx11_3D\Tools\AssimpTool\Converter.cpp(244,85): warning C4267: '인수': 'size_t'에서 'uint32'(으)로 변환하면서 데이터가 손실될 수 있습니다.
D:\Project\Dx11_3D\Dx11_3D\Tools\AssimpTool\Converter.cpp(247,47): warning C4267: '인수': 'size_t'에서 'const T'(으)로 변환하면서 데이터가 손실될 수 있습니다.
          with
          [
              T=uint32
          ]
D:\Project\Dx11_3D\Dx11_3D\Tools\AssimpTool\Converter.cpp(248,79): warning C4267: '인수': 'size_t'에서 'uint32'(으)로 변환하면서 데이터가 손실될 수 있습니다.
D:\Project\Dx11_3D\Dx11_3D\Tools\AssimpTool\Converter.cpp(480,35): warning C4267: '초기화 중': 'size_t'에서 'uint32'(으)로 변환하면서 데이터가 손실될 수 있습니다.
D:\Project\Dx11_3D\Dx11_3D\Tools\AssimpTool\Converter.cpp(523,63): warning C4267: '초기화 중': 'size_t'에서 'uint32'(으)로 변환하면서 데이터가 손실될 수 있습니다.
D:\Project\Dx11_3D\Dx11_3D\Tools\AssimpTool\Converter.cpp(581,49): warning C4267: '인수': 'size_t'에서 'const T'(으)로 변환하면서 데이터가 손실될 수 있습니다.
          with
          [
              T=uint32
          ]
D:\Project\Dx11_3D\Dx11_3D\Tools\AssimpTool\Converter.cpp(587,50): warning C4267: '인수': 'size_t'에서 'const T'(으)로 변환하면서 데이터가 손실될 수 있습니다.
          with
          [
              T=uint32
          ]
D:\Project\Dx11_3D\Dx11_3D\Tools\AssimpTool\Converter.cpp(588,93): warning C4267: '인수': 'size_t'에서 'uint32'(으)로 변환하면서 데이터가 손실될 수 있습니다.
  AssimpTool.vcxproj -> D:\Project\Dx11_3D\Dx11_3D\Binaries\AssimpTool.exe
