d:\project\dx11_3d\dx11_3d\intermediate\debug\assimptool.pch
d:\project\dx11_3d\dx11_3d\intermediate\debug\vc143.pdb
d:\project\dx11_3d\dx11_3d\intermediate\debug\vc143.idb
d:\project\dx11_3d\dx11_3d\intermediate\debug\pch.obj
d:\project\dx11_3d\dx11_3d\intermediate\debug\staticmeshdemo.obj
d:\project\dx11_3d\dx11_3d\intermediate\debug\main.obj
d:\project\dx11_3d\dx11_3d\intermediate\debug\imguidemo.obj
d:\project\dx11_3d\dx11_3d\intermediate\debug\converter.obj
d:\project\dx11_3d\dx11_3d\intermediate\debug\camerascript.obj
d:\project\dx11_3d\dx11_3d\intermediate\debug\assimptool.obj
d:\project\dx11_3d\dx11_3d\intermediate\debug\astypes.obj
d:\project\dx11_3d\dx11_3d\intermediate\debug\animationdemo.obj
d:\project\dx11_3d\dx11_3d\intermediate\debug\assimptool.ilk
d:\project\dx11_3d\dx11_3d\binaries\assimptool.exe
d:\project\dx11_3d\dx11_3d\binaries\assimptool.pdb
d:\project\dx11_3d\dx11_3d\intermediate\debug\camera.obj
d:\project\dx11_3d\dx11_3d\intermediate\debug\component.obj
d:\project\dx11_3d\dx11_3d\intermediate\debug\constantbuffer.obj
d:\project\dx11_3d\dx11_3d\intermediate\debug\fileutils.obj
d:\project\dx11_3d\dx11_3d\intermediate\debug\frustum.obj
d:\project\dx11_3d\dx11_3d\intermediate\debug\game.obj
d:\project\dx11_3d\dx11_3d\intermediate\debug\gameobject.obj
d:\project\dx11_3d\dx11_3d\intermediate\debug\geometry.obj
d:\project\dx11_3d\dx11_3d\intermediate\debug\geometryhelper.obj
d:\project\dx11_3d\dx11_3d\intermediate\debug\graphics.obj
d:\project\dx11_3d\dx11_3d\intermediate\debug\iexecute.obj
d:\project\dx11_3d\dx11_3d\intermediate\debug\imgui.obj
d:\project\dx11_3d\dx11_3d\intermediate\debug\imguimanager.obj
d:\project\dx11_3d\dx11_3d\intermediate\debug\imgui_demo.obj
d:\project\dx11_3d\dx11_3d\intermediate\debug\imgui_draw.obj
d:\project\dx11_3d\dx11_3d\intermediate\debug\imgui_impl_dx11.obj
d:\project\dx11_3d\dx11_3d\intermediate\debug\imgui_impl_win32.obj
d:\project\dx11_3d\dx11_3d\intermediate\debug\imgui_tables.obj
d:\project\dx11_3d\dx11_3d\intermediate\debug\imgui_widgets.obj
d:\project\dx11_3d\dx11_3d\intermediate\debug\indexbuffer.obj
d:\project\dx11_3d\dx11_3d\intermediate\debug\inputmanager.obj
d:\project\dx11_3d\dx11_3d\intermediate\debug\material.obj
d:\project\dx11_3d\dx11_3d\intermediate\debug\mesh.obj
d:\project\dx11_3d\dx11_3d\intermediate\debug\meshrenderer.obj
d:\project\dx11_3d\dx11_3d\intermediate\debug\model.obj
d:\project\dx11_3d\dx11_3d\intermediate\debug\modelanimation.obj
d:\project\dx11_3d\dx11_3d\intermediate\debug\modelanimator.obj
d:\project\dx11_3d\dx11_3d\intermediate\debug\modelmesh.obj
d:\project\dx11_3d\dx11_3d\intermediate\debug\modelrenderer.obj
d:\project\dx11_3d\dx11_3d\intermediate\debug\monobehaviour.obj
d:\project\dx11_3d\dx11_3d\intermediate\debug\pass.obj
d:\project\dx11_3d\dx11_3d\intermediate\debug\rendermanager.obj
d:\project\dx11_3d\dx11_3d\intermediate\debug\resourcebase.obj
d:\project\dx11_3d\dx11_3d\intermediate\debug\resourcemanager.obj
d:\project\dx11_3d\dx11_3d\intermediate\debug\shader.obj
d:\project\dx11_3d\dx11_3d\intermediate\debug\simplemath.obj
d:\project\dx11_3d\dx11_3d\intermediate\debug\technique.obj
d:\project\dx11_3d\dx11_3d\intermediate\debug\texture.obj
d:\project\dx11_3d\dx11_3d\intermediate\debug\timemanager.obj
d:\project\dx11_3d\dx11_3d\intermediate\debug\tinyxml2.obj
d:\project\dx11_3d\dx11_3d\intermediate\debug\transform.obj
d:\project\dx11_3d\dx11_3d\intermediate\debug\utils.obj
d:\project\dx11_3d\dx11_3d\intermediate\debug\vertexbuffer.obj
d:\project\dx11_3d\dx11_3d\intermediate\debug\vertexdata.obj
d:\project\dx11_3d\dx11_3d\intermediate\debug\engine.pch
d:\project\dx11_3d\dx11_3d\intermediate\debug\assimptool.vcxproj.filelistabsolute.txt
d:\project\dx11_3d\dx11_3d\intermediate\debug\assimptool.tlog\cl.command.1.tlog
d:\project\dx11_3d\dx11_3d\intermediate\debug\assimptool.tlog\cl.read.1.tlog
d:\project\dx11_3d\dx11_3d\intermediate\debug\assimptool.tlog\cl.write.1.tlog
d:\project\dx11_3d\dx11_3d\intermediate\debug\assimptool.tlog\link.command.1.tlog
d:\project\dx11_3d\dx11_3d\intermediate\debug\assimptool.tlog\link.read.1.tlog
d:\project\dx11_3d\dx11_3d\intermediate\debug\assimptool.tlog\link.write.1.tlog
